{"/Users/hoangcuong/Desktop/TinderProj/App.js": {"path":"/Users/hoangcuong/Desktop/TinderProj/App.js","statementMap":{"0":{"start":{"line":1,"column":42},"end":{"line":1,"column":97}},"1":{"start":{"line":1,"column":98},"end":{"line":1,"column":160}},"2":{"start":{"line":1,"column":160},"end":{"line":1,"column":185}},"3":{"start":{"line":1,"column":198},"end":{"line":1,"column":238}},"4":{"start":{"line":2,"column":19},"end":{"line":2,"column":42}},"5":{"start":{"line":3,"column":31},"end":{"line":3,"column":93}},"6":{"start":{"line":5,"column":19},"end":{"line":5,"column":76}},"7":{"start":{"line":6,"column":18},"end":{"line":6,"column":77}},"8":{"start":{"line":7,"column":22},"end":{"line":7,"column":82}},"9":{"start":{"line":7,"column":102},"end":{"line":7,"column":147}},"10":{"start":{"line":9,"column":10},"end":{"line":13,"column":116}},"11":{"start":{"line":9,"column":26},"end":{"line":13,"column":115}},"12":{"start":{"line":18,"column":0},"end":{"line":18,"column":33}},"13":{"start":{"line":18,"column":34},"end":{"line":18,"column":61}},"14":{"start":{"line":20,"column":13},"end":{"line":23,"column":33}}},"fnMap":{"0":{"name":"App","decl":{"start":{"line":9,"column":19},"end":{"line":9,"column":22}},"loc":{"start":{"line":9,"column":25},"end":{"line":13,"column":116}},"line":9}},"branchMap":{},"s":{"0":1,"1":1,"2":1,"3":1,"4":1,"5":1,"6":1,"7":1,"8":1,"9":1,"10":1,"11":1,"12":1,"13":1,"14":1},"f":{"0":1},"b":{},"_coverageSchema":"43e27e138ebf9cfc5966b082cf9a028302ed4184","hash":"f60cde937371d91fe578c26eb6dea87e480d000a"}
,"/Users/hoangcuong/Desktop/TinderProj/src/actions/user.js": {"path":"/Users/hoangcuong/Desktop/TinderProj/src/actions/user.js","statementMap":{"0":{"start":{"line":1,"column":42},"end":{"line":1,"column":97}},"1":{"start":{"line":1,"column":98},"end":{"line":1,"column":160}},"2":{"start":{"line":1,"column":160},"end":{"line":1,"column":185}},"3":{"start":{"line":1,"column":207},"end":{"line":1,"column":278}},"4":{"start":{"line":1,"column":292},"end":{"line":1,"column":308}},"5":{"start":{"line":2,"column":11},"end":{"line":2,"column":58}},"6":{"start":{"line":4,"column":18},"end":{"line":4,"column":80}},"7":{"start":{"line":4,"column":50},"end":{"line":4,"column":79}},"8":{"start":{"line":5,"column":14},"end":{"line":5,"column":82}},"9":{"start":{"line":5,"column":34},"end":{"line":5,"column":81}},"10":{"start":{"line":7,"column":16},"end":{"line":30,"column":1}},"11":{"start":{"line":9,"column":2},"end":{"line":11,"column":18}},"12":{"start":{"line":11,"column":32},"end":{"line":11,"column":74}},"13":{"start":{"line":11,"column":83},"end":{"line":11,"column":96}},"14":{"start":{"line":11,"column":108},"end":{"line":11,"column":121}},"15":{"start":{"line":13,"column":11},"end":{"line":13,"column":23}},"16":{"start":{"line":13,"column":31},"end":{"line":13,"column":41}},"17":{"start":{"line":15,"column":21},"end":{"line":17,"column":3}},"18":{"start":{"line":16,"column":4},"end":{"line":16,"column":44}},"19":{"start":{"line":19,"column":24},"end":{"line":21,"column":3}},"20":{"start":{"line":20,"column":4},"end":{"line":20,"column":48}},"21":{"start":{"line":24,"column":2},"end":{"line":27,"column":9}},"22":{"start":{"line":25,"column":4},"end":{"line":25,"column":19}},"23":{"start":{"line":29,"column":2},"end":{"line":29,"column":41}},"24":{"start":{"line":32,"column":0},"end":{"line":32,"column":42}},"25":{"start":{"line":32,"column":43},"end":{"line":32,"column":70}}},"fnMap":{"0":{"name":"getUserData","decl":{"start":{"line":4,"column":27},"end":{"line":4,"column":38}},"loc":{"start":{"line":4,"column":49},"end":{"line":4,"column":80}},"line":4},"1":{"name":"getUser","decl":{"start":{"line":5,"column":23},"end":{"line":5,"column":30}},"loc":{"start":{"line":5,"column":33},"end":{"line":5,"column":82}},"line":5},"2":{"name":"userStore","decl":{"start":{"line":7,"column":25},"end":{"line":7,"column":34}},"loc":{"start":{"line":7,"column":42},"end":{"line":30,"column":1}},"line":7},"3":{"name":"getUserStore","decl":{"start":{"line":15,"column":30},"end":{"line":15,"column":42}},"loc":{"start":{"line":15,"column":45},"end":{"line":17,"column":3}},"line":15},"4":{"name":"updateUserStore","decl":{"start":{"line":19,"column":33},"end":{"line":19,"column":48}},"loc":{"start":{"line":19,"column":59},"end":{"line":21,"column":3}},"line":19},"5":{"name":"(anonymous_5)","decl":{"start":{"line":24,"column":24},"end":{"line":24,"column":25}},"loc":{"start":{"line":24,"column":36},"end":{"line":27,"column":3}},"line":24}},"branchMap":{},"s":{"0":3,"1":3,"2":3,"3":3,"4":3,"5":3,"6":3,"7":1,"8":3,"9":1,"10":3,"11":4,"12":4,"13":4,"14":4,"15":4,"16":4,"17":4,"18":1,"19":4,"20":1,"21":4,"22":1,"23":4,"24":3,"25":3},"f":{"0":1,"1":1,"2":4,"3":1,"4":1,"5":1},"b":{},"_coverageSchema":"43e27e138ebf9cfc5966b082cf9a028302ed4184","hash":"0143c3a69ec07424b8f20e15d72bbed9516bd398"}
,"/Users/hoangcuong/Desktop/TinderProj/src/core/AppProvider.js": {"path":"/Users/hoangcuong/Desktop/TinderProj/src/core/AppProvider.js","statementMap":{"0":{"start":{"line":1,"column":42},"end":{"line":1,"column":97}},"1":{"start":{"line":1,"column":128},"end":{"line":1,"column":184}},"2":{"start":{"line":1,"column":185},"end":{"line":1,"column":247}},"3":{"start":{"line":1,"column":247},"end":{"line":1,"column":273}},"4":{"start":{"line":1,"column":273},"end":{"line":1,"column":298}},"5":{"start":{"line":1,"column":314},"end":{"line":1,"column":379}},"6":{"start":{"line":10,"column":13},"end":{"line":10,"column":54}},"7":{"start":{"line":11,"column":15},"end":{"line":11,"column":66}},"8":{"start":{"line":12,"column":12},"end":{"line":12,"column":62}},"9":{"start":{"line":12,"column":82},"end":{"line":12,"column":144}},"10":{"start":{"line":14,"column":17},"end":{"line":14,"column":47}},"11":{"start":{"line":17,"column":2},"end":{"line":19,"column":4}},"12":{"start":{"line":18,"column":4},"end":{"line":18,"column":180}},"13":{"start":{"line":22,"column":25},"end":{"line":28,"column":16}},"14":{"start":{"line":22,"column":75},"end":{"line":22,"column":88}},"15":{"start":{"line":22,"column":89},"end":{"line":28,"column":15}},"16":{"start":{"line":32,"column":0},"end":{"line":32,"column":18}},"17":{"start":{"line":32,"column":19},"end":{"line":32,"column":46}}},"fnMap":{"0":{"name":"withApp","decl":{"start":{"line":16,"column":9},"end":{"line":16,"column":16}},"loc":{"start":{"line":16,"column":28},"end":{"line":20,"column":1}},"line":16},"1":{"name":"(anonymous_1)","decl":{"start":{"line":17,"column":9},"end":{"line":17,"column":10}},"loc":{"start":{"line":17,"column":26},"end":{"line":19,"column":3}},"line":17},"2":{"name":"AppContextProvider","decl":{"start":{"line":22,"column":34},"end":{"line":22,"column":52}},"loc":{"start":{"line":22,"column":59},"end":{"line":28,"column":16}},"line":22}},"branchMap":{},"s":{"0":2,"1":2,"2":2,"3":2,"4":2,"5":2,"6":2,"7":2,"8":2,"9":2,"10":2,"11":3,"12":1,"13":2,"14":1,"15":1,"16":2,"17":2},"f":{"0":3,"1":1,"2":1},"b":{},"_coverageSchema":"43e27e138ebf9cfc5966b082cf9a028302ed4184","hash":"fa2033f278b66ac431859604b1fe06e0ef89d146"}
,"/Users/hoangcuong/Desktop/TinderProj/src/core/RequestNetwork.js": {"path":"/Users/hoangcuong/Desktop/TinderProj/src/core/RequestNetwork.js","statementMap":{"0":{"start":{"line":1,"column":42},"end":{"line":1,"column":97}},"1":{"start":{"line":1,"column":128},"end":{"line":1,"column":184}},"2":{"start":{"line":1,"column":185},"end":{"line":1,"column":247}},"3":{"start":{"line":1,"column":247},"end":{"line":1,"column":378}},"4":{"start":{"line":1,"column":401},"end":{"line":1,"column":473}},"5":{"start":{"line":1,"column":494},"end":{"line":1,"column":563}},"6":{"start":{"line":1,"column":598},"end":{"line":1,"column":681}},"7":{"start":{"line":1,"column":705},"end":{"line":1,"column":777}},"8":{"start":{"line":1,"column":795},"end":{"line":1,"column":861}},"9":{"start":{"line":10,"column":13},"end":{"line":10,"column":54}},"10":{"start":{"line":11,"column":19},"end":{"line":11,"column":42}},"11":{"start":{"line":13,"column":11},"end":{"line":13,"column":61}},"12":{"start":{"line":14,"column":14},"end":{"line":14,"column":64}},"13":{"start":{"line":14,"column":84},"end":{"line":14,"column":149}},"14":{"start":{"line":16,"column":23},"end":{"line":16,"column":73}},"15":{"start":{"line":16,"column":58},"end":{"line":16,"column":72}},"16":{"start":{"line":16,"column":74},"end":{"line":16,"column":118}},"17":{"start":{"line":17,"column":21},"end":{"line":17,"column":79}},"18":{"start":{"line":17,"column":51},"end":{"line":17,"column":78}},"19":{"start":{"line":17,"column":80},"end":{"line":17,"column":120}},"20":{"start":{"line":18,"column":24},"end":{"line":18,"column":79}},"21":{"start":{"line":18,"column":62},"end":{"line":18,"column":78}},"22":{"start":{"line":18,"column":80},"end":{"line":18,"column":126}},"23":{"start":{"line":20,"column":22},"end":{"line":39,"column":1}},"24":{"start":{"line":34,"column":2},"end":{"line":36,"column":13}},"25":{"start":{"line":38,"column":2},"end":{"line":38,"column":45}},"26":{"start":{"line":39,"column":2},"end":{"line":39,"column":44}},"27":{"start":{"line":41,"column":0},"end":{"line":63,"column":55}},"28":{"start":{"line":41,"column":37},"end":{"line":63,"column":54}},"29":{"start":{"line":41,"column":67},"end":{"line":41,"column":119}},"30":{"start":{"line":43,"column":41},"end":{"line":43,"column":93}},"31":{"start":{"line":44,"column":6},"end":{"line":44,"column":119}},"32":{"start":{"line":46,"column":6},"end":{"line":48,"column":22}},"33":{"start":{"line":50,"column":6},"end":{"line":52,"column":54}},"34":{"start":{"line":52,"column":54},"end":{"line":52,"column":67}},"35":{"start":{"line":54,"column":5},"end":{"line":63,"column":12}},"36":{"start":{"line":57,"column":8},"end":{"line":57,"column":76}},"37":{"start":{"line":58,"column":8},"end":{"line":58,"column":77}},"38":{"start":{"line":62,"column":8},"end":{"line":62,"column":120}},"39":{"start":{"line":63,"column":12},"end":{"line":63,"column":34}},"40":{"start":{"line":63,"column":56},"end":{"line":63,"column":83}}},"fnMap":{"0":{"name":"onRequestSuccess","decl":{"start":{"line":16,"column":32},"end":{"line":16,"column":48}},"loc":{"start":{"line":16,"column":57},"end":{"line":16,"column":73}},"line":16},"1":{"name":"onRequestError","decl":{"start":{"line":17,"column":30},"end":{"line":17,"column":44}},"loc":{"start":{"line":17,"column":50},"end":{"line":17,"column":79}},"line":17},"2":{"name":"onResponseSuccess","decl":{"start":{"line":18,"column":33},"end":{"line":18,"column":50}},"loc":{"start":{"line":18,"column":61},"end":{"line":18,"column":79}},"line":18},"3":{"name":"onResponseError","decl":{"start":{"line":20,"column":31},"end":{"line":20,"column":46}},"loc":{"start":{"line":20,"column":52},"end":{"line":39,"column":1}},"line":20},"4":{"name":"_default","decl":{"start":{"line":41,"column":9},"end":{"line":41,"column":17}},"loc":{"start":{"line":41,"column":36},"end":{"line":63,"column":55}},"line":41},"5":{"name":"(anonymous_5)","decl":{"start":{"line":41,"column":44},"end":{"line":41,"column":45}},"loc":{"start":{"line":41,"column":66},"end":{"line":63,"column":35}},"line":41},"6":{"name":"RequestNetwork","decl":{"start":{"line":43,"column":13},"end":{"line":43,"column":27}},"loc":{"start":{"line":43,"column":30},"end":{"line":54,"column":5}},"line":43},"7":{"name":"componentWillUnmount","decl":{"start":{"line":54,"column":96},"end":{"line":54,"column":116}},"loc":{"start":{"line":56,"column":6},"end":{"line":59,"column":7}},"line":56},"8":{"name":"render","decl":{"start":{"line":59,"column":44},"end":{"line":59,"column":50}},"loc":{"start":{"line":61,"column":6},"end":{"line":63,"column":7}},"line":61}},"branchMap":{"0":{"loc":{"start":{"line":34,"column":2},"end":{"line":36,"column":13}},"type":"binary-expr","locations":[{"start":{"line":34,"column":2},"end":{"line":34,"column":14}},{"start":{"line":35,"column":2},"end":{"line":35,"column":63}},{"start":{"line":36,"column":2},"end":{"line":36,"column":13}}],"line":34}},"s":{"0":3,"1":3,"2":3,"3":3,"4":3,"5":3,"6":3,"7":3,"8":3,"9":3,"10":3,"11":3,"12":3,"13":3,"14":3,"15":1,"16":3,"17":3,"18":1,"19":3,"20":3,"21":1,"22":3,"23":3,"24":2,"25":2,"26":3,"27":3,"28":3,"29":3,"30":3,"31":3,"32":3,"33":3,"34":3,"35":3,"36":1,"37":1,"38":3,"39":3,"40":3},"f":{"0":1,"1":1,"2":1,"3":2,"4":3,"5":3,"6":3,"7":1,"8":3},"b":{"0":[2,1,1]},"_coverageSchema":"43e27e138ebf9cfc5966b082cf9a028302ed4184","hash":"bd0709fb10d34315f19897461361586988a42fd7"}
,"/Users/hoangcuong/Desktop/TinderProj/src/modules/Favorite/index.style.js": {"path":"/Users/hoangcuong/Desktop/TinderProj/src/modules/Favorite/index.style.js","statementMap":{"0":{"start":{"line":1,"column":13},"end":{"line":1,"column":75}},"1":{"start":{"line":1,"column":75},"end":{"line":1,"column":100}},"2":{"start":{"line":1,"column":119},"end":{"line":1,"column":142}},"3":{"start":{"line":3,"column":0},"end":{"line":30,"column":13}},"4":{"start":{"line":30,"column":14},"end":{"line":30,"column":41}}},"fnMap":{},"branchMap":{},"s":{"0":1,"1":1,"2":1,"3":1,"4":1},"f":{},"b":{},"_coverageSchema":"43e27e138ebf9cfc5966b082cf9a028302ed4184","hash":"fb0c8675e753bc8974c7b33148b811e0f5ec7a9b"}
,"/Users/hoangcuong/Desktop/TinderProj/src/modules/Home/index.style.js": {"path":"/Users/hoangcuong/Desktop/TinderProj/src/modules/Home/index.style.js","statementMap":{"0":{"start":{"line":1,"column":13},"end":{"line":1,"column":75}},"1":{"start":{"line":1,"column":75},"end":{"line":1,"column":100}},"2":{"start":{"line":1,"column":119},"end":{"line":1,"column":142}},"3":{"start":{"line":3,"column":0},"end":{"line":44,"column":23}},"4":{"start":{"line":44,"column":24},"end":{"line":44,"column":51}}},"fnMap":{},"branchMap":{},"s":{"0":1,"1":1,"2":1,"3":1,"4":1},"f":{},"b":{},"_coverageSchema":"43e27e138ebf9cfc5966b082cf9a028302ed4184","hash":"aebd88184a88b74f46b6896157eea4b1aaf039c6"}
,"/Users/hoangcuong/Desktop/TinderProj/src/utils/API.js": {"path":"/Users/hoangcuong/Desktop/TinderProj/src/utils/API.js","statementMap":{"0":{"start":{"line":1,"column":42},"end":{"line":1,"column":97}},"1":{"start":{"line":1,"column":98},"end":{"line":1,"column":160}},"2":{"start":{"line":1,"column":160},"end":{"line":1,"column":233}},"3":{"start":{"line":3,"column":13},"end":{"line":3,"column":53}},"4":{"start":{"line":5,"column":15},"end":{"line":8,"column":18}},"5":{"start":{"line":11,"column":19},"end":{"line":13,"column":1}},"6":{"start":{"line":12,"column":2},"end":{"line":12,"column":57}},"7":{"start":{"line":13,"column":2},"end":{"line":13,"column":38}},"8":{"start":{"line":15,"column":21},"end":{"line":17,"column":1}},"9":{"start":{"line":16,"column":2},"end":{"line":16,"column":56}},"10":{"start":{"line":17,"column":2},"end":{"line":17,"column":42}},"11":{"start":{"line":19,"column":0},"end":{"line":19,"column":8}},"12":{"start":{"line":19,"column":9},"end":{"line":19,"column":36}}},"fnMap":{"0":{"name":"setAuthToken","decl":{"start":{"line":11,"column":28},"end":{"line":11,"column":40}},"loc":{"start":{"line":11,"column":48},"end":{"line":13,"column":1}},"line":11},"1":{"name":"clearAuthToken","decl":{"start":{"line":15,"column":30},"end":{"line":15,"column":44}},"loc":{"start":{"line":15,"column":47},"end":{"line":17,"column":1}},"line":15}},"branchMap":{},"s":{"0":6,"1":6,"2":6,"3":6,"4":6,"5":6,"6":1,"7":6,"8":6,"9":1,"10":6,"11":6,"12":6},"f":{"0":1,"1":1},"b":{},"_coverageSchema":"43e27e138ebf9cfc5966b082cf9a028302ed4184","hash":"68069ea25c873bbcc02b8810e0f84cdca88aed8e"}
,"/Users/hoangcuong/Desktop/TinderProj/src/utils/common.js": {"path":"/Users/hoangcuong/Desktop/TinderProj/src/utils/common.js","statementMap":{"0":{"start":{"line":1,"column":13},"end":{"line":1,"column":75}},"1":{"start":{"line":1,"column":75},"end":{"line":1,"column":100}},"2":{"start":{"line":1,"column":123},"end":{"line":2,"column":76}},"3":{"start":{"line":1,"column":158},"end":{"line":2,"column":75}},"4":{"start":{"line":2,"column":48},"end":{"line":2,"column":71}},"5":{"start":{"line":4,"column":15},"end":{"line":13,"column":1}},"6":{"start":{"line":6,"column":2},"end":{"line":12,"column":4}},"7":{"start":{"line":8,"column":18},"end":{"line":8,"column":22}},"8":{"start":{"line":9,"column":15},"end":{"line":9,"column":24}},"9":{"start":{"line":10,"column":4},"end":{"line":10,"column":32}},"10":{"start":{"line":11,"column":4},"end":{"line":11,"column":87}},"11":{"start":{"line":11,"column":44},"end":{"line":11,"column":77}},"12":{"start":{"line":15,"column":0},"end":{"line":17,"column":22}},"13":{"start":{"line":17,"column":23},"end":{"line":17,"column":50}}},"fnMap":{"0":{"name":"capitalizeLetter","decl":{"start":{"line":1,"column":132},"end":{"line":1,"column":148}},"loc":{"start":{"line":1,"column":157},"end":{"line":2,"column":76}},"line":1},"1":{"name":"(anonymous_1)","decl":{"start":{"line":2,"column":34},"end":{"line":2,"column":35}},"loc":{"start":{"line":2,"column":47},"end":{"line":2,"column":72}},"line":2},"2":{"name":"debounce","decl":{"start":{"line":4,"column":24},"end":{"line":4,"column":32}},"loc":{"start":{"line":4,"column":46},"end":{"line":13,"column":1}},"line":4},"3":{"name":"(anonymous_3)","decl":{"start":{"line":6,"column":9},"end":{"line":6,"column":10}},"loc":{"start":{"line":6,"column":21},"end":{"line":12,"column":3}},"line":6},"4":{"name":"(anonymous_4)","decl":{"start":{"line":11,"column":31},"end":{"line":11,"column":32}},"loc":{"start":{"line":11,"column":43},"end":{"line":11,"column":78}},"line":11}},"branchMap":{},"s":{"0":4,"1":4,"2":4,"3":1,"4":4,"5":4,"6":4,"7":2,"8":2,"9":2,"10":2,"11":1,"12":4,"13":4},"f":{"0":1,"1":4,"2":4,"3":2,"4":1},"b":{},"_coverageSchema":"43e27e138ebf9cfc5966b082cf9a028302ed4184","hash":"b1e92bde9628b26c18d72e0b2659d1480f961e24"}
,"/Users/hoangcuong/Desktop/TinderProj/src/utils/storage.js": {"path":"/Users/hoangcuong/Desktop/TinderProj/src/utils/storage.js","statementMap":{"0":{"start":{"line":1,"column":42},"end":{"line":1,"column":97}},"1":{"start":{"line":1,"column":98},"end":{"line":1,"column":160}},"2":{"start":{"line":1,"column":160},"end":{"line":1,"column":185}},"3":{"start":{"line":1,"column":207},"end":{"line":1,"column":278}},"4":{"start":{"line":1,"column":298},"end":{"line":1,"column":359}},"5":{"start":{"line":3,"column":20},"end":{"line":3,"column":92}},"6":{"start":{"line":4,"column":13},"end":{"line":4,"column":29}},"7":{"start":{"line":6,"column":14},"end":{"line":7,"column":64}},"8":{"start":{"line":6,"column":44},"end":{"line":7,"column":63}},"9":{"start":{"line":9,"column":14},"end":{"line":16,"column":76}},"10":{"start":{"line":9,"column":47},"end":{"line":16,"column":75}},"11":{"start":{"line":9,"column":110},"end":{"line":16,"column":72}},"12":{"start":{"line":9,"column":121},"end":{"line":16,"column":71}},"13":{"start":{"line":9,"column":168},"end":{"line":9,"column":186}},"14":{"start":{"line":9,"column":186},"end":{"line":10,"column":46}},"15":{"start":{"line":10,"column":53},"end":{"line":10,"column":75}},"16":{"start":{"line":10,"column":75},"end":{"line":12,"column":74}},"17":{"start":{"line":12,"column":49},"end":{"line":12,"column":67}},"18":{"start":{"line":12,"column":67},"end":{"line":12,"column":73}},"19":{"start":{"line":12,"column":74},"end":{"line":13,"column":48}},"20":{"start":{"line":13,"column":55},"end":{"line":16,"column":29}},"21":{"start":{"line":16,"column":47},"end":{"line":16,"column":70}},"22":{"start":{"line":19,"column":17},"end":{"line":19,"column":291}},"23":{"start":{"line":19,"column":43},"end":{"line":19,"column":290}},"24":{"start":{"line":19,"column":110},"end":{"line":19,"column":287}},"25":{"start":{"line":19,"column":121},"end":{"line":19,"column":286}},"26":{"start":{"line":19,"column":170},"end":{"line":19,"column":243}},"27":{"start":{"line":19,"column":261},"end":{"line":19,"column":285}},"28":{"start":{"line":21,"column":15},"end":{"line":21,"column":274}},"29":{"start":{"line":21,"column":36},"end":{"line":21,"column":273}},"30":{"start":{"line":21,"column":101},"end":{"line":21,"column":270}},"31":{"start":{"line":21,"column":112},"end":{"line":21,"column":269}},"32":{"start":{"line":21,"column":161},"end":{"line":21,"column":226}},"33":{"start":{"line":21,"column":244},"end":{"line":21,"column":268}},"34":{"start":{"line":24,"column":22},"end":{"line":48,"column":1}},"35":{"start":{"line":25,"column":2},"end":{"line":27,"column":33}},"36":{"start":{"line":27,"column":47},"end":{"line":27,"column":89}},"37":{"start":{"line":27,"column":98},"end":{"line":27,"column":111}},"38":{"start":{"line":27,"column":123},"end":{"line":27,"column":136}},"39":{"start":{"line":29,"column":11},"end":{"line":29,"column":23}},"40":{"start":{"line":29,"column":39},"end":{"line":29,"column":57}},"41":{"start":{"line":31,"column":24},"end":{"line":35,"column":3}},"42":{"start":{"line":32,"column":4},"end":{"line":34,"column":57}},"43":{"start":{"line":33,"column":31},"end":{"line":33,"column":90}},"44":{"start":{"line":34,"column":24},"end":{"line":34,"column":54}},"45":{"start":{"line":37,"column":22},"end":{"line":39,"column":83}},"46":{"start":{"line":37,"column":56},"end":{"line":39,"column":82}},"47":{"start":{"line":37,"column":126},"end":{"line":39,"column":79}},"48":{"start":{"line":37,"column":137},"end":{"line":39,"column":78}},"49":{"start":{"line":38,"column":12},"end":{"line":38,"column":64}},"50":{"start":{"line":39,"column":12},"end":{"line":39,"column":35}},"51":{"start":{"line":39,"column":53},"end":{"line":39,"column":77}},"52":{"start":{"line":42,"column":2},"end":{"line":45,"column":9}},"53":{"start":{"line":43,"column":4},"end":{"line":43,"column":22}},"54":{"start":{"line":47,"column":2},"end":{"line":47,"column":47}},"55":{"start":{"line":50,"column":0},"end":{"line":55,"column":22}},"56":{"start":{"line":55,"column":23},"end":{"line":55,"column":50}}},"fnMap":{"0":{"name":"setItem","decl":{"start":{"line":6,"column":23},"end":{"line":6,"column":30}},"loc":{"start":{"line":6,"column":43},"end":{"line":7,"column":64}},"line":6},"1":{"name":"getItem","decl":{"start":{"line":9,"column":23},"end":{"line":9,"column":30}},"loc":{"start":{"line":9,"column":36},"end":{"line":16,"column":76}},"line":9},"2":{"name":"getItem$","decl":{"start":{"line":9,"column":90},"end":{"line":9,"column":98}},"loc":{"start":{"line":9,"column":109},"end":{"line":16,"column":73}},"line":9},"3":{"name":"removeItem","decl":{"start":{"line":19,"column":26},"end":{"line":19,"column":36}},"loc":{"start":{"line":19,"column":42},"end":{"line":19,"column":291}},"line":19},"4":{"name":"removeItem$","decl":{"start":{"line":19,"column":86},"end":{"line":19,"column":97}},"loc":{"start":{"line":19,"column":109},"end":{"line":19,"column":288}},"line":19},"5":{"name":"clearAll","decl":{"start":{"line":21,"column":24},"end":{"line":21,"column":32}},"loc":{"start":{"line":21,"column":35},"end":{"line":21,"column":274}},"line":21},"6":{"name":"clearAll$","decl":{"start":{"line":21,"column":79},"end":{"line":21,"column":88}},"loc":{"start":{"line":21,"column":100},"end":{"line":21,"column":271}},"line":21},"7":{"name":"useAsyncStorage","decl":{"start":{"line":24,"column":31},"end":{"line":24,"column":46}},"loc":{"start":{"line":24,"column":66},"end":{"line":48,"column":1}},"line":24},"8":{"name":"pullFromStorage","decl":{"start":{"line":31,"column":33},"end":{"line":31,"column":48}},"loc":{"start":{"line":31,"column":51},"end":{"line":35,"column":3}},"line":31},"9":{"name":"(anonymous_9)","decl":{"start":{"line":33,"column":9},"end":{"line":33,"column":10}},"loc":{"start":{"line":33,"column":30},"end":{"line":33,"column":91}},"line":33},"10":{"name":"(anonymous_10)","decl":{"start":{"line":34,"column":10},"end":{"line":34,"column":11}},"loc":{"start":{"line":34,"column":23},"end":{"line":34,"column":55}},"line":34},"11":{"name":"updateStorage","decl":{"start":{"line":37,"column":31},"end":{"line":37,"column":44}},"loc":{"start":{"line":37,"column":55},"end":{"line":39,"column":83}},"line":37},"12":{"name":"updateStorage$","decl":{"start":{"line":37,"column":99},"end":{"line":37,"column":113}},"loc":{"start":{"line":37,"column":125},"end":{"line":39,"column":80}},"line":37},"13":{"name":"(anonymous_13)","decl":{"start":{"line":42,"column":24},"end":{"line":42,"column":25}},"loc":{"start":{"line":42,"column":36},"end":{"line":45,"column":3}},"line":42}},"branchMap":{"0":{"loc":{"start":{"line":9,"column":121},"end":{"line":16,"column":71}},"type":"switch","locations":[{"start":{"line":9,"column":161},"end":{"line":10,"column":46}},{"start":{"line":10,"column":46},"end":{"line":13,"column":48}},{"start":{"line":13,"column":48},"end":{"line":16,"column":29}},{"start":{"line":16,"column":29},"end":{"line":16,"column":36}},{"start":{"line":16,"column":36},"end":{"line":16,"column":70}}],"line":9},"1":{"loc":{"start":{"line":10,"column":75},"end":{"line":12,"column":74}},"type":"if","locations":[{"start":{"line":10,"column":75},"end":{"line":12,"column":74}},{"start":{"line":10,"column":75},"end":{"line":12,"column":74}}],"line":10},"2":{"loc":{"start":{"line":12,"column":10},"end":{"line":12,"column":45}},"type":"binary-expr","locations":[{"start":{"line":12,"column":10},"end":{"line":12,"column":16}},{"start":{"line":12,"column":20},"end":{"line":12,"column":45}}],"line":12},"3":{"loc":{"start":{"line":19,"column":121},"end":{"line":19,"column":286}},"type":"switch","locations":[{"start":{"line":19,"column":163},"end":{"line":19,"column":243}},{"start":{"line":19,"column":243},"end":{"line":19,"column":250}},{"start":{"line":19,"column":250},"end":{"line":19,"column":285}}],"line":19},"4":{"loc":{"start":{"line":21,"column":112},"end":{"line":21,"column":269}},"type":"switch","locations":[{"start":{"line":21,"column":154},"end":{"line":21,"column":226}},{"start":{"line":21,"column":226},"end":{"line":21,"column":233}},{"start":{"line":21,"column":233},"end":{"line":21,"column":268}}],"line":21},"5":{"loc":{"start":{"line":37,"column":137},"end":{"line":39,"column":78}},"type":"switch","locations":[{"start":{"line":37,"column":179},"end":{"line":39,"column":35}},{"start":{"line":39,"column":35},"end":{"line":39,"column":42}},{"start":{"line":39,"column":42},"end":{"line":39,"column":77}}],"line":37}},"s":{"0":3,"1":3,"2":3,"3":3,"4":3,"5":3,"6":3,"7":3,"8":2,"9":3,"10":3,"11":9,"12":10,"13":3,"14":3,"15":3,"16":3,"17":1,"18":1,"19":2,"20":1,"21":3,"22":3,"23":1,"24":2,"25":2,"26":1,"27":1,"28":3,"29":1,"30":2,"31":2,"32":1,"33":1,"34":3,"35":3,"36":3,"37":3,"38":3,"39":3,"40":3,"41":3,"42":1,"43":0,"44":1,"45":3,"46":1,"47":1,"48":1,"49":1,"50":1,"51":1,"52":3,"53":1,"54":3,"55":3,"56":3},"f":{"0":2,"1":3,"2":9,"3":1,"4":2,"5":1,"6":2,"7":3,"8":1,"9":0,"10":1,"11":1,"12":1,"13":1},"b":{"0":[3,3,1,0,3],"1":[1,2],"2":[3,1],"3":[1,0,1],"4":[1,0,1],"5":[1,1,1]},"_coverageSchema":"43e27e138ebf9cfc5966b082cf9a028302ed4184","hash":"6286a2839fa0b1138a0843ea9a6815704f31e9dc"}
}
