TN:
SF:/Users/hoangcuong/Desktop/TinderProj/App.js
FN:9,App
FNF:1
FNH:1
FNDA:1,App
DA:1,1
DA:2,1
DA:3,1
DA:5,1
DA:6,1
DA:7,1
DA:9,1
DA:18,1
DA:20,1
LF:9
LH:9
BRF:0
BRH:0
end_of_record
TN:
SF:/Users/hoangcuong/Desktop/TinderProj/src/actions/user.js
FN:4,getUserData
FN:5,getUser
FN:7,userStore
FN:15,getUserStore
FN:19,updateUserStore
FN:24,(anonymous_5)
FNF:6
FNH:6
FNDA:1,getUserData
FNDA:1,getUser
FNDA:4,userStore
FNDA:1,getUserStore
FNDA:1,updateUserStore
FNDA:1,(anonymous_5)
DA:1,3
DA:2,3
DA:4,3
DA:5,3
DA:7,3
DA:9,4
DA:11,4
DA:13,4
DA:15,4
DA:16,1
DA:19,4
DA:20,1
DA:24,4
DA:25,1
DA:29,4
DA:32,3
LF:16
LH:16
BRF:0
BRH:0
end_of_record
TN:
SF:/Users/hoangcuong/Desktop/TinderProj/src/core/AppProvider.js
FN:16,withApp
FN:17,(anonymous_1)
FN:22,AppContextProvider
FNF:3
FNH:3
FNDA:3,withApp
FNDA:1,(anonymous_1)
FNDA:1,AppContextProvider
DA:1,2
DA:10,2
DA:11,2
DA:12,2
DA:14,2
DA:17,3
DA:18,1
DA:22,2
DA:32,2
LF:9
LH:9
BRF:0
BRH:0
end_of_record
TN:
SF:/Users/hoangcuong/Desktop/TinderProj/src/core/RequestNetwork.js
FN:16,onRequestSuccess
FN:17,onRequestError
FN:18,onResponseSuccess
FN:20,onResponseError
FN:41,_default
FN:41,(anonymous_5)
FN:43,RequestNetwork
FN:54,componentWillUnmount
FN:59,render
FNF:9
FNH:9
FNDA:1,onRequestSuccess
FNDA:1,onRequestError
FNDA:1,onResponseSuccess
FNDA:2,onResponseError
FNDA:3,_default
FNDA:3,(anonymous_5)
FNDA:3,RequestNetwork
FNDA:1,componentWillUnmount
FNDA:3,render
DA:1,3
DA:10,3
DA:11,3
DA:13,3
DA:14,3
DA:16,3
DA:17,3
DA:18,3
DA:20,3
DA:34,2
DA:38,2
DA:39,3
DA:41,3
DA:43,3
DA:44,3
DA:46,3
DA:50,3
DA:52,3
DA:54,3
DA:57,1
DA:58,1
DA:62,3
DA:63,3
LF:23
LH:23
BRDA:34,0,0,2
BRDA:34,0,1,1
BRDA:34,0,2,1
BRF:3
BRH:3
end_of_record
TN:
SF:/Users/hoangcuong/Desktop/TinderProj/src/modules/Favorite/index.style.js
FNF:0
FNH:0
DA:1,1
DA:3,1
DA:30,1
LF:3
LH:3
BRF:0
BRH:0
end_of_record
TN:
SF:/Users/hoangcuong/Desktop/TinderProj/src/modules/Home/index.style.js
FNF:0
FNH:0
DA:1,1
DA:3,1
DA:44,1
LF:3
LH:3
BRF:0
BRH:0
end_of_record
TN:
SF:/Users/hoangcuong/Desktop/TinderProj/src/utils/API.js
FN:11,setAuthToken
FN:15,clearAuthToken
FNF:2
FNH:2
FNDA:1,setAuthToken
FNDA:1,clearAuthToken
DA:1,6
DA:3,6
DA:5,6
DA:11,6
DA:12,1
DA:13,6
DA:15,6
DA:16,1
DA:17,6
DA:19,6
LF:10
LH:10
BRF:0
BRH:0
end_of_record
TN:
SF:/Users/hoangcuong/Desktop/TinderProj/src/utils/common.js
FN:1,capitalizeLetter
FN:2,(anonymous_1)
FN:4,debounce
FN:6,(anonymous_3)
FN:11,(anonymous_4)
FNF:5
FNH:5
FNDA:1,capitalizeLetter
FNDA:4,(anonymous_1)
FNDA:4,debounce
FNDA:2,(anonymous_3)
FNDA:1,(anonymous_4)
DA:1,4
DA:2,4
DA:4,4
DA:6,4
DA:8,2
DA:9,2
DA:10,2
DA:11,2
DA:15,4
DA:17,4
LF:10
LH:10
BRF:0
BRH:0
end_of_record
TN:
SF:/Users/hoangcuong/Desktop/TinderProj/src/utils/storage.js
FN:6,setItem
FN:9,getItem
FN:9,getItem$
FN:19,removeItem
FN:19,removeItem$
FN:21,clearAll
FN:21,clearAll$
FN:24,useAsyncStorage
FN:31,pullFromStorage
FN:31,pullFromStorage$
FN:33,(anonymous_10)
FN:34,(anonymous_11)
FN:37,updateStorage
FN:37,updateStorage$
FN:42,(anonymous_14)
FNF:15
FNH:13
FNDA:2,setItem
FNDA:3,getItem
FNDA:7,getItem$
FNDA:1,removeItem
FNDA:2,removeItem$
FNDA:1,clearAll
FNDA:2,clearAll$
FNDA:2,useAsyncStorage
FNDA:1,pullFromStorage
FNDA:1,pullFromStorage$
FNDA:0,(anonymous_10)
FNDA:0,(anonymous_11)
FNDA:1,updateStorage
FNDA:1,updateStorage$
FNDA:1,(anonymous_14)
DA:1,3
DA:3,3
DA:4,3
DA:6,3
DA:9,8
DA:10,2
DA:12,1
DA:13,1
DA:16,2
DA:19,3
DA:21,3
DA:24,3
DA:25,2
DA:27,2
DA:29,2
DA:31,2
DA:32,1
DA:33,0
DA:34,1
DA:37,2
DA:38,1
DA:39,1
DA:42,2
DA:43,1
DA:47,2
DA:50,3
DA:55,3
LF:27
LH:26
BRDA:9,0,0,3
BRDA:9,0,1,2
BRDA:9,0,2,1
BRDA:9,0,3,0
BRDA:9,0,4,2
BRDA:10,1,0,1
BRDA:10,1,1,1
BRDA:12,2,0,2
BRDA:12,2,1,1
BRDA:19,3,0,1
BRDA:19,3,1,0
BRDA:19,3,2,1
BRDA:21,4,0,1
BRDA:21,4,1,0
BRDA:21,4,2,1
BRDA:31,5,0,1
BRDA:31,5,1,1
BRDA:31,5,2,1
BRDA:37,6,0,1
BRDA:37,6,1,1
BRDA:37,6,2,1
BRF:21
BRH:18
end_of_record
